#
# There is insufficient memory for the Java Runtime Environment to continue.
# Native memory allocation (malloc) failed to allocate 32784 bytes for Chunk::new
# Possible reasons:
#   The system is out of physical RAM or swap space
#   The process is running with CompressedOops enabled, and the Java Heap may be blocking the growth of the native heap
# Possible solutions:
#   Reduce memory load on the system
#   Increase physical memory or swap space
#   Check if swap backing store is full
#   Decrease Java heap size (-Xmx/-Xms)
#   Decrease number of Java threads
#   Decrease Java thread stack sizes (-Xss)
#   Set larger code cache with -XX:ReservedCodeCacheSize=
#   JVM is running with Unscaled Compressed Oops mode in which the Java heap is
#     placed in the first 4GB address space. The Java Heap base address is the
#     maximum limit for the native heap growth. Please use -XX:HeapBaseMinAddress
#     to set the Java Heap base and to place the Java Heap above 4GB virtual address.
# This output file may be truncated or incomplete.
#
#  Out of Memory Error (arena.cpp:189), pid=32168, tid=30204
#
# JRE version: OpenJDK Runtime Environment (17.0.6) (build 17.0.6+0-b2043.56-9586694)
# Java VM: OpenJDK 64-Bit Server VM (17.0.6+0-b2043.56-9586694, mixed mode, tiered, compressed oops, compressed class ptrs, g1 gc, windows-amd64)
# No core dump will be written. Minidumps are not enabled by default on client versions of Windows
#

---------------  S U M M A R Y ------------

Command Line: --add-opens=java.base/java.util=ALL-UNNAMED --add-opens=java.base/java.lang=ALL-UNNAMED --add-opens=java.base/java.lang.invoke=ALL-UNNAMED --add-opens=java.prefs/java.util.prefs=ALL-UNNAMED --add-opens=java.base/java.nio.charset=ALL-UNNAMED --add-opens=java.base/java.net=ALL-UNNAMED --add-opens=java.base/java.util.concurrent.atomic=ALL-UNNAMED -Xmx2048m -Dfile.encoding=UTF-8 -Duser.country=EE -Duser.language=et -Duser.variant -javaagent:C:\Users\jekat\.gradle\wrapper\dists\gradle-8.4-bin\1w5dpkrfk8irigvoxmyhowfim\gradle-8.4\lib\agents\gradle-instrumentation-agent-8.4.jar org.gradle.launcher.daemon.bootstrap.GradleDaemon 8.4

Host: Intel(R) Core(TM) i7-9750H CPU @ 2.60GHz, 12 cores, 15G,  Windows 11 , 64 bit Build 22621 (10.0.22621.2428)
Time: Sun Nov 19 11:56:31 2023 FLE standardaeg elapsed time: 10.640964 seconds (0d 0h 0m 10s)

---------------  T H R E A D  ---------------

Current thread (0x000002afc50b8840):  JavaThread "C2 CompilerThread0" daemon [_thread_in_native, id=30204, stack(0x000000dda3000000,0x000000dda3100000)]


Current CompileTask:
C2:  10641 7342       4       org.objectweb.asm.Frame::merge (395 bytes)

Stack: [0x000000dda3000000,0x000000dda3100000]
Native frames: (J=compiled Java code, j=interpreted, Vv=VM code, C=native code)
V  [jvm.dll+0x683b4a]
V  [jvm.dll+0x842654]
V  [jvm.dll+0x843dfe]
V  [jvm.dll+0x844463]
V  [jvm.dll+0x249b75]
V  [jvm.dll+0xabcac]
V  [jvm.dll+0xac27c]
V  [jvm.dll+0xabdbb]
V  [jvm.dll+0x660d4c]
V  [jvm.dll+0x2260a1]
V  [jvm.dll+0x21d3c4]
V  [jvm.dll+0x21b51b]
V  [jvm.dll+0x1a4fdd]
V  [jvm.dll+0x22b098]
V  [jvm.dll+0x229159]
V  [jvm.dll+0x7f809c]
V  [jvm.dll+0x7f25fa]
V  [jvm.dll+0x682985]
C  [ucrtbase.dll+0x29363]
C  [KERNEL32.DLL+0x1257d]
C  [ntdll.dll+0x5aa78]


---------------  P R O C E S S  ---------------

Threads class SMR info:
_java_thread_list=0x000002afca97bfc0, length=61, elements={
0x000002afaa4bb540, 0x000002afc4763220, 0x000002afc5070020, 0x000002afc50b6000,
0x000002afc50b68c0, 0x000002afc50b7180, 0x000002afc50b7a40, 0x000002afc50b8840,
0x000002afc5089830, 0x000002afc508c550, 0x000002afc4747bf0, 0x000002afc52f8230,
0x000002afc8210a50, 0x000002afc8732ea0, 0x000002afc8352180, 0x000002afc8d1e040,
0x000002afc850a990, 0x000002afc823f950, 0x000002afc83499e0, 0x000002afc834b1f0,
0x000002afc8349eb0, 0x000002afc834bb90, 0x000002afc834c060, 0x000002afc834b6c0,
0x000002afc834c530, 0x000002afc834ced0, 0x000002afc834a850, 0x000002afc834a380,
0x000002afc834ad20, 0x000002afc834d3a0, 0x000002afc88a2330, 0x000002afc889be20,
0x000002afc889c2f0, 0x000002afc889f7e0, 0x000002afc88a1e60, 0x000002afc889dfd0,
0x000002afc889e4a0, 0x000002afc88a1990, 0x000002afc889c7c0, 0x000002afc889ee40,
0x000002afc88a0ff0, 0x000002afc889f310, 0x000002afc889fcb0, 0x000002afc88a0180,
0x000002afc88a0650, 0x000002afc88a2800, 0x000002afc88a2cd0, 0x000002afc889b480,
0x000002afc889cc90, 0x000002afc889b950, 0x000002afc889d160, 0x000002afcd35cc00,
0x000002afcd35bd90, 0x000002afcd35a580, 0x000002afcd35aa50, 0x000002afcd35d0d0,
0x000002afcd356220, 0x000002afcd35d5a0, 0x000002afcd355d50, 0x000002afcd35af20,
0x000002afc81a6420
}

Java Threads: ( => current thread )
  0x000002afaa4bb540 JavaThread "main" [_thread_blocked, id=29644, stack(0x000000dda2300000,0x000000dda2400000)]
  0x000002afc4763220 JavaThread "Reference Handler" daemon [_thread_blocked, id=8400, stack(0x000000dda2a00000,0x000000dda2b00000)]
  0x000002afc5070020 JavaThread "Finalizer" daemon [_thread_blocked, id=3180, stack(0x000000dda2b00000,0x000000dda2c00000)]
  0x000002afc50b6000 JavaThread "Signal Dispatcher" daemon [_thread_blocked, id=17260, stack(0x000000dda2c00000,0x000000dda2d00000)]
  0x000002afc50b68c0 JavaThread "Attach Listener" daemon [_thread_blocked, id=32172, stack(0x000000dda2d00000,0x000000dda2e00000)]
  0x000002afc50b7180 JavaThread "Service Thread" daemon [_thread_blocked, id=20220, stack(0x000000dda2e00000,0x000000dda2f00000)]
  0x000002afc50b7a40 JavaThread "Monitor Deflation Thread" daemon [_thread_blocked, id=15840, stack(0x000000dda2f00000,0x000000dda3000000)]
=>0x000002afc50b8840 JavaThread "C2 CompilerThread0" daemon [_thread_in_native, id=30204, stack(0x000000dda3000000,0x000000dda3100000)]
  0x000002afc5089830 JavaThread "C1 CompilerThread0" daemon [_thread_in_native, id=9028, stack(0x000000dda3100000,0x000000dda3200000)]
  0x000002afc508c550 JavaThread "Sweeper thread" daemon [_thread_blocked, id=21692, stack(0x000000dda3200000,0x000000dda3300000)]
  0x000002afc4747bf0 JavaThread "Common-Cleaner" daemon [_thread_blocked, id=14396, stack(0x000000dda3300000,0x000000dda3400000)]
  0x000002afc52f8230 JavaThread "Notification Thread" daemon [_thread_blocked, id=22640, stack(0x000000dda3400000,0x000000dda3500000)]
  0x000002afc8210a50 JavaThread "Daemon health stats" [_thread_blocked, id=29780, stack(0x000000dda3d00000,0x000000dda3e00000)]
  0x000002afc8732ea0 JavaThread "Incoming local TCP Connector on port 52180" [_thread_in_native, id=2188, stack(0x000000dda3e00000,0x000000dda3f00000)]
  0x000002afc8352180 JavaThread "Daemon periodic checks" [_thread_blocked, id=17312, stack(0x000000dda3700000,0x000000dda3800000)]
  0x000002afc8d1e040 JavaThread "Daemon" [_thread_blocked, id=26080, stack(0x000000dda3f00000,0x000000dda4000000)]
  0x000002afc850a990 JavaThread "Handler for socket connection from /127.0.0.1:52180 to /127.0.0.1:52181" [_thread_in_native, id=11172, stack(0x000000dda4000000,0x000000dda4100000)]
  0x000002afc823f950 JavaThread "Cancel handler" [_thread_blocked, id=27904, stack(0x000000dda4100000,0x000000dda4200000)]
  0x000002afc83499e0 JavaThread "Daemon worker" [_thread_in_vm, id=28364, stack(0x000000dda4200000,0x000000dda4300000)]
  0x000002afc834b1f0 JavaThread "Asynchronous log dispatcher for DefaultDaemonConnection: socket connection from /127.0.0.1:52180 to /127.0.0.1:52181" [_thread_blocked, id=764, stack(0x000000dda4300000,0x000000dda4400000)]
  0x000002afc8349eb0 JavaThread "Stdin handler" [_thread_blocked, id=24220, stack(0x000000dda4400000,0x000000dda4500000)]
  0x000002afc834bb90 JavaThread "Daemon client event forwarder" [_thread_blocked, id=16436, stack(0x000000dda4500000,0x000000dda4600000)]
  0x000002afc834c060 JavaThread "Cache worker for journal cache (C:\Users\jekat\.gradle\caches\journal-1)" [_thread_blocked, id=18600, stack(0x000000dda4c00000,0x000000dda4d00000)]
  0x000002afc834b6c0 JavaThread "File lock request listener" [_thread_in_native, id=16160, stack(0x000000dda4d00000,0x000000dda4e00000)]
  0x000002afc834c530 JavaThread "Cache worker for file hash cache (C:\Users\jekat\.gradle\caches\8.4\fileHashes)" [_thread_blocked, id=28936, stack(0x000000dda4e00000,0x000000dda4f00000)]
  0x000002afc834ced0 JavaThread "File watcher server" daemon [_thread_in_native, id=26648, stack(0x000000dda5000000,0x000000dda5100000)]
  0x000002afc834a850 JavaThread "File watcher consumer" daemon [_thread_blocked, id=31568, stack(0x000000dda5100000,0x000000dda5200000)]
  0x000002afc834a380 JavaThread "Cache worker for checksums cache (D:\Ketrin the Great\Android\MyDearDiary\MyDearDiary\.gradle\8.4\checksums)" [_thread_blocked, id=32088, stack(0x000000dda5200000,0x000000dda5300000)]
  0x000002afc834ad20 JavaThread "Cache worker for file hash cache (D:\Ketrin the Great\Android\MyDearDiary\MyDearDiary\.gradle\8.4\fileHashes)" [_thread_blocked, id=25124, stack(0x000000dda5300000,0x000000dda5400000)]
  0x000002afc834d3a0 JavaThread "Cache worker for cache directory md-supplier (C:\Users\jekat\.gradle\caches\8.4\md-supplier)" [_thread_blocked, id=11080, stack(0x000000dda5400000,0x000000dda5500000)]
  0x000002afc88a2330 JavaThread "Cache worker for file content cache (C:\Users\jekat\.gradle\caches\8.4\fileContent)" [_thread_blocked, id=31300, stack(0x000000dda5500000,0x000000dda5600000)]
  0x000002afc889be20 JavaThread "Cache worker for cache directory md-rule (C:\Users\jekat\.gradle\caches\8.4\md-rule)" [_thread_blocked, id=15636, stack(0x000000dda5600000,0x000000dda5700000)]
  0x000002afc889c2f0 JavaThread "Cache worker for execution history cache (C:\Users\jekat\.gradle\caches\8.4\executionHistory)" [_thread_blocked, id=27448, stack(0x000000dda5700000,0x000000dda5800000)]
  0x000002afc889f7e0 JavaThread "jar transforms" [_thread_blocked, id=3680, stack(0x000000dda5800000,0x000000dda5900000)]
  0x000002afc88a1e60 JavaThread "jar transforms Thread 2" [_thread_blocked, id=15960, stack(0x000000dda5900000,0x000000dda5a00000)]
  0x000002afc889dfd0 JavaThread "jar transforms Thread 3" [_thread_blocked, id=11888, stack(0x000000dda5a00000,0x000000dda5b00000)]
  0x000002afc889e4a0 JavaThread "jar transforms Thread 4" [_thread_blocked, id=26956, stack(0x000000dda5b00000,0x000000dda5c00000)]
  0x000002afc88a1990 JavaThread "Cache worker for dependencies-accessors (D:\Ketrin the Great\Android\MyDearDiary\MyDearDiary\.gradle\8.4\dependencies-accessors)" [_thread_blocked, id=30012, stack(0x000000dda5c00000,0x000000dda5d00000)]
  0x000002afc889c7c0 JavaThread "jar transforms Thread 5" [_thread_blocked, id=31968, stack(0x000000dda5d00000,0x000000dda5e00000)]
  0x000002afc889ee40 JavaThread "Cache worker for Build Output Cleanup Cache (D:\Ketrin the Great\Android\MyDearDiary\MyDearDiary\.gradle\buildOutputCleanup)" [_thread_blocked, id=5860, stack(0x000000dda3600000,0x000000dda3700000)]
  0x000002afc88a0ff0 JavaThread "Unconstrained build operations" [_thread_blocked, id=29572, stack(0x000000dda6000000,0x000000dda6100000)]
  0x000002afc889f310 JavaThread "Unconstrained build operations Thread 2" [_thread_blocked, id=16056, stack(0x000000dda6100000,0x000000dda6200000)]
  0x000002afc889fcb0 JavaThread "Unconstrained build operations Thread 3" [_thread_blocked, id=14168, stack(0x000000dda6200000,0x000000dda6300000)]
  0x000002afc88a0180 JavaThread "Unconstrained build operations Thread 4" [_thread_blocked, id=1672, stack(0x000000dda6300000,0x000000dda6400000)]
  0x000002afc88a0650 JavaThread "Unconstrained build operations Thread 5" [_thread_blocked, id=27532, stack(0x000000dda6400000,0x000000dda6500000)]
  0x000002afc88a2800 JavaThread "Unconstrained build operations Thread 6" [_thread_blocked, id=28904, stack(0x000000dda6500000,0x000000dda6600000)]
  0x000002afc88a2cd0 JavaThread "Unconstrained build operations Thread 7" [_thread_blocked, id=16988, stack(0x000000dda6600000,0x000000dda6700000)]
  0x000002afc889b480 JavaThread "Unconstrained build operations Thread 8" [_thread_blocked, id=26724, stack(0x000000dda6700000,0x000000dda6800000)]
  0x000002afc889cc90 JavaThread "Unconstrained build operations Thread 9" [_thread_blocked, id=18212, stack(0x000000dda6800000,0x000000dda6900000)]
  0x000002afc889b950 JavaThread "Unconstrained build operations Thread 10" [_thread_blocked, id=25244, stack(0x000000dda6900000,0x000000dda6a00000)]
  0x000002afc889d160 JavaThread "Unconstrained build operations Thread 11" [_thread_blocked, id=31212, stack(0x000000dda6a00000,0x000000dda6b00000)]
  0x000002afcd35cc00 JavaThread "jar transforms Thread 6" [_thread_blocked, id=904, stack(0x000000dda6b00000,0x000000dda6c00000)]
  0x000002afcd35bd90 JavaThread "jar transforms Thread 7" [_thread_blocked, id=25304, stack(0x000000dda6c00000,0x000000dda6d00000)]
  0x000002afcd35a580 JavaThread "jar transforms Thread 8" [_thread_blocked, id=24100, stack(0x000000dda6d00000,0x000000dda6e00000)]
  0x000002afcd35aa50 JavaThread "jar transforms Thread 9" [_thread_blocked, id=27088, stack(0x000000dda6e00000,0x000000dda6f00000)]
  0x000002afcd35d0d0 JavaThread "jar transforms Thread 10" [_thread_blocked, id=19264, stack(0x000000dda6f00000,0x000000dda7000000)]
  0x000002afcd356220 JavaThread "jar transforms Thread 11" [_thread_blocked, id=12092, stack(0x000000dda7000000,0x000000dda7100000)]
  0x000002afcd35d5a0 JavaThread "jar transforms Thread 12" [_thread_blocked, id=6540, stack(0x000000dda7100000,0x000000dda7200000)]
  0x000002afcd355d50 JavaThread "build event listener" [_thread_blocked, id=19012, stack(0x000000dda5f00000,0x000000dda6000000)]
  0x000002afcd35af20 JavaThread "Memory manager" [_thread_blocked, id=32268, stack(0x000000dda7300000,0x000000dda7400000)]
  0x000002afc81a6420 JavaThread "C2 CompilerThread1" daemon [_thread_in_native, id=16080, stack(0x000000dda4f00000,0x000000dda5000000)]

Other Threads:
  0x000002afc505dbb0 VMThread "VM Thread" [stack: 0x000000dda2900000,0x000000dda2a00000] [id=6368]
  0x000002afaa541870 WatcherThread [stack: 0x000000dda3500000,0x000000dda3600000] [id=10052]
  0x000002afaa5169d0 GCTaskThread "GC Thread#0" [stack: 0x000000dda2400000,0x000000dda2500000] [id=19788]
  0x000002afc65b2100 GCTaskThread "GC Thread#1" [stack: 0x000000dda3800000,0x000000dda3900000] [id=26388]
  0x000002afc7998200 GCTaskThread "GC Thread#2" [stack: 0x000000dda3900000,0x000000dda3a00000] [id=23236]
  0x000002afc79a4990 GCTaskThread "GC Thread#3" [stack: 0x000000dda3a00000,0x000000dda3b00000] [id=7148]
  0x000002afc6442ef0 GCTaskThread "GC Thread#4" [stack: 0x000000dda3b00000,0x000000dda3c00000] [id=14016]
  0x000002afc7b38740 GCTaskThread "GC Thread#5" [stack: 0x000000dda3c00000,0x000000dda3d00000] [id=29008]
  0x000002afc6c86f00 GCTaskThread "GC Thread#6" [stack: 0x000000dda4600000,0x000000dda4700000] [id=29752]
  0x000002afc8bb6cf0 GCTaskThread "GC Thread#7" [stack: 0x000000dda4700000,0x000000dda4800000] [id=4312]
  0x000002afc7fa54d0 GCTaskThread "GC Thread#8" [stack: 0x000000dda4800000,0x000000dda4900000] [id=8776]
  0x000002afc8d4ece0 GCTaskThread "GC Thread#9" [stack: 0x000000dda4900000,0x000000dda4a00000] [id=12560]
  0x000002afaa527820 ConcurrentGCThread "G1 Main Marker" [stack: 0x000000dda2500000,0x000000dda2600000] [id=18972]
  0x000002afaa529150 ConcurrentGCThread "G1 Conc#0" [stack: 0x000000dda2600000,0x000000dda2700000] [id=17376]
  0x000002afc7f593a0 ConcurrentGCThread "G1 Conc#1" [stack: 0x000000dda4a00000,0x000000dda4b00000] [id=32272]
  0x000002afc8b91e00 ConcurrentGCThread "G1 Conc#2" [stack: 0x000000dda4b00000,0x000000dda4c00000] [id=24176]
  0x000002afaa57ddb0 ConcurrentGCThread "G1 Refine#0" [stack: 0x000000dda2700000,0x000000dda2800000] [id=31352]
  0x000002afaa57e6e0 ConcurrentGCThread "G1 Service" [stack: 0x000000dda2800000,0x000000dda2900000] [id=19072]

Threads with active compile tasks:
C2 CompilerThread0    10682 7342       4       org.objectweb.asm.Frame::merge (395 bytes)
C1 CompilerThread0    10682 7352       3       org.objectweb.asm.Frame::push (59 bytes)
C2 CompilerThread1    10682 7291       4       sun.reflect.generics.parser.SignatureParser::parsePackageNameAndSimpleClassTypeSignature (119 bytes)

VM state: not at safepoint (normal execution)

VM Mutex/Monitor currently owned by a thread: None

Heap address: 0x0000000080000000, size: 2048 MB, Compressed Oops mode: 32-bit

CDS archive(s) not mapped
Compressed class space mapped at: 0x0000000100000000-0x0000000140000000, reserved size: 1073741824
Narrow klass base: 0x0000000000000000, Narrow klass shift: 3, Narrow klass range: 0x140000000

GC Precious Log:
 CPUs: 12 total, 12 available
 Memory: 16232M
 Large Page Support: Disabled
 NUMA Support: Disabled
 Compressed Oops: Enabled (32-bit)
 Heap Region Size: 1M
 Heap Min Capacity: 8M
 Heap Initial Capacity: 254M
 Heap Max Capacity: 2G
 Pre-touch: Disabled
 Parallel Workers: 10
 Concurrent Workers: 3
 Concurrent Refinement Workers: 10
 Periodic GC: Disabled

Heap:
 garbage-first heap   total 140288K, used 98979K [0x0000000080000000, 0x0000000100000000)
  region size 1024K, 29 young (29696K), 1 survivors (1024K)
 Metaspace       used 72928K, committed 73536K, reserved 1114112K
  class space    used 9698K, committed 9984K, reserved 1048576K

Heap Regions: E=young(eden), S=young(survivor), O=old, HS=humongous(starts), HC=humongous(continues), CS=collection set, F=free, OA=open archive, CA=closed archive, TAMS=top-at-mark-start (previous, next)
|   0|0x0000000080000000, 0x0000000080100000, 0x0000000080100000|100%|HS|  |TAMS 0x0000000080100000, 0x0000000080000000| Complete 
|   1|0x0000000080100000, 0x0000000080200000, 0x0000000080200000|100%|HC|  |TAMS 0x0000000080200000, 0x0000000080100000| Complete 
|   2|0x0000000080200000, 0x0000000080300000, 0x0000000080300000|100%|HC|  |TAMS 0x0000000080300000, 0x0000000080200000| Complete 
|   3|0x0000000080300000, 0x0000000080400000, 0x0000000080400000|100%|HC|  |TAMS 0x0000000080400000, 0x0000000080300000| Complete 
|   4|0x0000000080400000, 0x0000000080500000, 0x0000000080500000|100%| O|  |TAMS 0x0000000080500000, 0x0000000080400000| Untracked 
|   5|0x0000000080500000, 0x0000000080600000, 0x0000000080600000|100%| O|  |TAMS 0x0000000080600000, 0x0000000080500000| Untracked 
|   6|0x0000000080600000, 0x0000000080700000, 0x0000000080700000|100%| O|  |TAMS 0x0000000080700000, 0x0000000080600000| Untracked 
|   7|0x0000000080700000, 0x0000000080800000, 0x0000000080800000|100%| O|  |TAMS 0x0000000080800000, 0x0000000080700000| Untracked 
|   8|0x0000000080800000, 0x0000000080900000, 0x0000000080900000|100%| O|  |TAMS 0x0000000080900000, 0x0000000080800000| Untracked 
|   9|0x0000000080900000, 0x0000000080a00000, 0x0000000080a00000|100%| O|  |TAMS 0x0000000080a00000, 0x0000000080900000| Untracked 
|  10|0x0000000080a00000, 0x0000000080b00000, 0x0000000080b00000|100%| O|  |TAMS 0x0000000080b00000, 0x0000000080a00000| Untracked 
|  11|0x0000000080b00000, 0x0000000080c00000, 0x0000000080c00000|100%| O|  |TAMS 0x0000000080c00000, 0x0000000080b00000| Untracked 
|  12|0x0000000080c00000, 0x0000000080d00000, 0x0000000080d00000|100%| O|  |TAMS 0x0000000080d00000, 0x0000000080c00000| Untracked 
|  13|0x0000000080d00000, 0x0000000080e00000, 0x0000000080e00000|100%| O|  |TAMS 0x0000000080e00000, 0x0000000080d00000| Untracked 
|  14|0x0000000080e00000, 0x0000000080f00000, 0x0000000080f00000|100%| O|  |TAMS 0x0000000080f00000, 0x0000000080e00000| Untracked 
|  15|0x0000000080f00000, 0x0000000081000000, 0x0000000081000000|100%| O|  |TAMS 0x0000000081000000, 0x0000000080f00000| Untracked 
|  16|0x0000000081000000, 0x0000000081100000, 0x0000000081100000|100%| O|  |TAMS 0x0000000081100000, 0x0000000081000000| Untracked 
|  17|0x0000000081100000, 0x0000000081200000, 0x0000000081200000|100%| O|  |TAMS 0x0000000081200000, 0x0000000081100000| Untracked 
|  18|0x0000000081200000, 0x0000000081300000, 0x0000000081300000|100%| O|  |TAMS 0x0000000081300000, 0x0000000081200000| Untracked 
|  19|0x0000000081300000, 0x0000000081400000, 0x0000000081400000|100%| O|  |TAMS 0x0000000081400000, 0x0000000081300000| Untracked 
|  20|0x0000000081400000, 0x0000000081500000, 0x0000000081500000|100%| O|  |TAMS 0x0000000081500000, 0x0000000081400000| Untracked 
|  21|0x0000000081500000, 0x0000000081600000, 0x0000000081600000|100%| O|  |TAMS 0x0000000081600000, 0x0000000081500000| Untracked 
|  22|0x0000000081600000, 0x0000000081700000, 0x0000000081700000|100%| O|  |TAMS 0x0000000081600000, 0x0000000081600000| Untracked 
|  23|0x0000000081700000, 0x0000000081800000, 0x0000000081800000|100%| O|  |TAMS 0x0000000081800000, 0x0000000081700000| Untracked 
|  24|0x0000000081800000, 0x0000000081900000, 0x0000000081900000|100%| O|  |TAMS 0x0000000081900000, 0x0000000081800000| Untracked 
|  25|0x0000000081900000, 0x0000000081a00000, 0x0000000081a00000|100%| O|  |TAMS 0x0000000081a00000, 0x0000000081900000| Untracked 
|  26|0x0000000081a00000, 0x0000000081b00000, 0x0000000081b00000|100%| O|  |TAMS 0x0000000081b00000, 0x0000000081a00000| Untracked 
|  27|0x0000000081b00000, 0x0000000081c00000, 0x0000000081c00000|100%| O|  |TAMS 0x0000000081c00000, 0x0000000081b00000| Untracked 
|  28|0x0000000081c00000, 0x0000000081d00000, 0x0000000081d00000|100%| O|  |TAMS 0x0000000081d00000, 0x0000000081c00000| Untracked 
|  29|0x0000000081d00000, 0x0000000081e00000, 0x0000000081e00000|100%| O|  |TAMS 0x0000000081e00000, 0x0000000081d00000| Untracked 
|  30|0x0000000081e00000, 0x0000000081f00000, 0x0000000081f00000|100%| O|  |TAMS 0x0000000081f00000, 0x0000000081e00000| Untracked 
|  31|0x0000000081f00000, 0x0000000082000000, 0x0000000082000000|100%| O|  |TAMS 0x0000000082000000, 0x0000000081f00000| Untracked 
|  32|0x0000000082000000, 0x0000000082100000, 0x0000000082100000|100%| O|  |TAMS 0x0000000082100000, 0x0000000082000000| Untracked 
|  33|0x0000000082100000, 0x0000000082200000, 0x0000000082200000|100%| O|  |TAMS 0x0000000082200000, 0x0000000082100000| Untracked 
|  34|0x0000000082200000, 0x0000000082300000, 0x0000000082300000|100%| O|  |TAMS 0x0000000082300000, 0x0000000082200000| Untracked 
|  35|0x0000000082300000, 0x0000000082400000, 0x0000000082400000|100%| O|  |TAMS 0x0000000082400000, 0x0000000082300000| Untracked 
|  36|0x0000000082400000, 0x0000000082500000, 0x0000000082500000|100%| O|  |TAMS 0x0000000082500000, 0x0000000082400000| Untracked 
|  37|0x0000000082500000, 0x0000000082600000, 0x0000000082600000|100%| O|  |TAMS 0x0000000082600000, 0x0000000082500000| Untracked 
|  38|0x0000000082600000, 0x0000000082700000, 0x0000000082700000|100%| O|  |TAMS 0x0000000082700000, 0x0000000082600000| Untracked 
|  39|0x0000000082700000, 0x0000000082800000, 0x0000000082800000|100%| O|  |TAMS 0x0000000082800000, 0x0000000082700000| Untracked 
|  40|0x0000000082800000, 0x0000000082900000, 0x0000000082900000|100%| O|  |TAMS 0x0000000082900000, 0x0000000082800000| Untracked 
|  41|0x0000000082900000, 0x0000000082a00000, 0x0000000082a00000|100%| O|  |TAMS 0x0000000082a00000, 0x0000000082900000| Untracked 
|  42|0x0000000082a00000, 0x0000000082b00000, 0x0000000082b00000|100%| O|  |TAMS 0x0000000082b00000, 0x0000000082a00000| Untracked 
|  43|0x0000000082b00000, 0x0000000082c00000, 0x0000000082c00000|100%| O|  |TAMS 0x0000000082c00000, 0x0000000082b00000| Untracked 
|  44|0x0000000082c00000, 0x0000000082d00000, 0x0000000082d00000|100%| O|  |TAMS 0x0000000082d00000, 0x0000000082c00000| Untracked 
|  45|0x0000000082d00000, 0x0000000082e00000, 0x0000000082e00000|100%|HS|  |TAMS 0x0000000082e00000, 0x0000000082d00000| Complete 
|  46|0x0000000082e00000, 0x0000000082f00000, 0x0000000082f00000|100%|HC|  |TAMS 0x0000000082f00000, 0x0000000082e00000| Complete 
|  47|0x0000000082f00000, 0x0000000083000000, 0x0000000083000000|100%|HS|  |TAMS 0x0000000083000000, 0x0000000082f00000| Complete 
|  48|0x0000000083000000, 0x0000000083100000, 0x0000000083100000|100%|HC|  |TAMS 0x0000000083100000, 0x0000000083000000| Complete 
|  49|0x0000000083100000, 0x0000000083200000, 0x0000000083200000|100%|HC|  |TAMS 0x0000000083200000, 0x0000000083100000| Complete 
|  50|0x0000000083200000, 0x0000000083300000, 0x0000000083300000|100%|HC|  |TAMS 0x0000000083300000, 0x0000000083200000| Complete 
|  51|0x0000000083300000, 0x0000000083400000, 0x0000000083400000|100%|HS|  |TAMS 0x0000000083400000, 0x0000000083300000| Complete 
|  52|0x0000000083400000, 0x0000000083500000, 0x0000000083500000|100%|HS|  |TAMS 0x0000000083500000, 0x0000000083400000| Complete 
|  53|0x0000000083500000, 0x0000000083600000, 0x0000000083600000|100%|HS|  |TAMS 0x0000000083600000, 0x0000000083500000| Complete 
|  54|0x0000000083600000, 0x0000000083700000, 0x0000000083700000|100%|HC|  |TAMS 0x0000000083700000, 0x0000000083600000| Complete 
|  55|0x0000000083700000, 0x0000000083800000, 0x0000000083800000|100%| O|  |TAMS 0x0000000083800000, 0x0000000083700000| Untracked 
|  56|0x0000000083800000, 0x0000000083900000, 0x0000000083900000|100%|HS|  |TAMS 0x0000000083900000, 0x0000000083800000| Complete 
|  57|0x0000000083900000, 0x0000000083a00000, 0x0000000083a00000|100%| O|  |TAMS 0x0000000083a00000, 0x0000000083900000| Untracked 
|  58|0x0000000083a00000, 0x0000000083b00000, 0x0000000083b00000|100%| O|  |TAMS 0x0000000083b00000, 0x0000000083a00000| Untracked 
|  59|0x0000000083b00000, 0x0000000083c00000, 0x0000000083c00000|100%| O|  |TAMS 0x0000000083c00000, 0x0000000083b00000| Untracked 
|  60|0x0000000083c00000, 0x0000000083d00000, 0x0000000083d00000|100%| O|  |TAMS 0x0000000083d00000, 0x0000000083c00000| Untracked 
|  61|0x0000000083d00000, 0x0000000083e00000, 0x0000000083e00000|100%| O|  |TAMS 0x0000000083e00000, 0x0000000083d00000| Untracked 
|  62|0x0000000083e00000, 0x0000000083f00000, 0x0000000083f00000|100%| O|  |TAMS 0x0000000083f00000, 0x0000000083e00000| Untracked 
|  63|0x0000000083f00000, 0x0000000084000000, 0x0000000084000000|100%| O|  |TAMS 0x0000000084000000, 0x0000000083f00000| Untracked 
|  64|0x0000000084000000, 0x0000000084000000, 0x0000000084100000|  0%| F|  |TAMS 0x0000000084000000, 0x0000000084000000| Untracked 
|  65|0x0000000084100000, 0x0000000084200000, 0x0000000084200000|100%| O|  |TAMS 0x0000000084162000, 0x0000000084100000| Untracked 
|  66|0x0000000084200000, 0x0000000084300000, 0x0000000084300000|100%| O|  |TAMS 0x0000000084200000, 0x0000000084200000| Untracked 
|  67|0x0000000084300000, 0x0000000084400000, 0x0000000084400000|100%| O|  |TAMS 0x0000000084300000, 0x0000000084300000| Untracked 
|  68|0x0000000084400000, 0x0000000084500000, 0x0000000084500000|100%| O|  |TAMS 0x0000000084400000, 0x0000000084400000| Untracked 
|  69|0x0000000084500000, 0x00000000845fe600, 0x0000000084600000| 99%| O|  |TAMS 0x0000000084500000, 0x0000000084500000| Untracked 
|  70|0x0000000084600000, 0x0000000084600000, 0x0000000084700000|  0%| F|  |TAMS 0x0000000084600000, 0x0000000084600000| Untracked 
|  71|0x0000000084700000, 0x0000000084700000, 0x0000000084800000|  0%| F|  |TAMS 0x0000000084700000, 0x0000000084700000| Untracked 
|  72|0x0000000084800000, 0x0000000084800000, 0x0000000084900000|  0%| F|  |TAMS 0x0000000084800000, 0x0000000084800000| Untracked 
|  73|0x0000000084900000, 0x0000000084900000, 0x0000000084a00000|  0%| F|  |TAMS 0x0000000084900000, 0x0000000084900000| Untracked 
|  74|0x0000000084a00000, 0x0000000084a00000, 0x0000000084b00000|  0%| F|  |TAMS 0x0000000084a00000, 0x0000000084a00000| Untracked 
|  75|0x0000000084b00000, 0x0000000084b00000, 0x0000000084c00000|  0%| F|  |TAMS 0x0000000084b00000, 0x0000000084b00000| Untracked 
|  76|0x0000000084c00000, 0x0000000084c00000, 0x0000000084d00000|  0%| F|  |TAMS 0x0000000084c00000, 0x0000000084c00000| Untracked 
|  77|0x0000000084d00000, 0x0000000084d00000, 0x0000000084e00000|  0%| F|  |TAMS 0x0000000084d00000, 0x0000000084d00000| Untracked 
|  78|0x0000000084e00000, 0x0000000084e00000, 0x0000000084f00000|  0%| F|  |TAMS 0x0000000084e00000, 0x0000000084e00000| Untracked 
|  79|0x0000000084f00000, 0x0000000084f00000, 0x0000000085000000|  0%| F|  |TAMS 0x0000000084f00000, 0x0000000084f00000| Untracked 
|  80|0x0000000085000000, 0x0000000085000000, 0x0000000085100000|  0%| F|  |TAMS 0x0000000085000000, 0x0000000085000000| Untracked 
|  81|0x0000000085100000, 0x0000000085100000, 0x0000000085200000|  0%| F|  |TAMS 0x0000000085100000, 0x0000000085100000| Untracked 
|  82|0x0000000085200000, 0x0000000085200000, 0x0000000085300000|  0%| F|  |TAMS 0x0000000085200000, 0x0000000085200000| Untracked 
|  83|0x0000000085300000, 0x0000000085300000, 0x0000000085400000|  0%| F|  |TAMS 0x0000000085300000, 0x0000000085300000| Untracked 
|  84|0x0000000085400000, 0x0000000085400000, 0x0000000085500000|  0%| F|  |TAMS 0x0000000085400000, 0x0000000085400000| Untracked 
|  85|0x0000000085500000, 0x0000000085500000, 0x0000000085600000|  0%| F|  |TAMS 0x0000000085500000, 0x0000000085500000| Untracked 
|  86|0x0000000085600000, 0x0000000085600000, 0x0000000085700000|  0%| F|  |TAMS 0x0000000085600000, 0x0000000085600000| Untracked 
|  87|0x0000000085700000, 0x0000000085700000, 0x0000000085800000|  0%| F|  |TAMS 0x0000000085700000, 0x0000000085700000| Untracked 
|  88|0x0000000085800000, 0x0000000085800000, 0x0000000085900000|  0%| F|  |TAMS 0x0000000085800000, 0x0000000085800000| Untracked 
|  89|0x0000000085900000, 0x0000000085900000, 0x0000000085a00000|  0%| F|  |TAMS 0x0000000085900000, 0x0000000085900000| Untracked 
|  90|0x0000000085a00000, 0x0000000085a00000, 0x0000000085b00000|  0%| F|  |TAMS 0x0000000085a00000, 0x0000000085a00000| Untracked 
|  91|0x0000000085b00000, 0x0000000085b00000, 0x0000000085c00000|  0%| F|  |TAMS 0x0000000085b00000, 0x0000000085b00000| Untracked 
|  92|0x0000000085c00000, 0x0000000085c00000, 0x0000000085d00000|  0%| F|  |TAMS 0x0000000085c00000, 0x0000000085c00000| Untracked 
|  93|0x0000000085d00000, 0x0000000085d00000, 0x0000000085e00000|  0%| F|  |TAMS 0x0000000085d00000, 0x0000000085d00000| Untracked 
|  94|0x0000000085e00000, 0x0000000085e00000, 0x0000000085f00000|  0%| F|  |TAMS 0x0000000085e00000, 0x0000000085e00000| Untracked 
|  95|0x0000000085f00000, 0x0000000085f00000, 0x0000000086000000|  0%| F|  |TAMS 0x0000000085f00000, 0x0000000085f00000| Untracked 
|  96|0x0000000086000000, 0x0000000086000000, 0x0000000086100000|  0%| F|  |TAMS 0x0000000086000000, 0x0000000086000000| Untracked 
|  97|0x0000000086100000, 0x0000000086100000, 0x0000000086200000|  0%| F|  |TAMS 0x0000000086100000, 0x0000000086100000| Untracked 
|  98|0x0000000086200000, 0x0000000086200000, 0x0000000086300000|  0%| F|  |TAMS 0x0000000086200000, 0x0000000086200000| Untracked 
|  99|0x0000000086300000, 0x0000000086300000, 0x0000000086400000|  0%| F|  |TAMS 0x0000000086300000, 0x0000000086300000| Untracked 
| 100|0x0000000086400000, 0x0000000086400000, 0x0000000086500000|  0%| F|  |TAMS 0x0000000086400000, 0x0000000086400000| Untracked 
| 101|0x0000000086500000, 0x0000000086500000, 0x0000000086600000|  0%| F|  |TAMS 0x0000000086500000, 0x0000000086500000| Untracked 
| 102|0x0000000086600000, 0x0000000086600000, 0x0000000086700000|  0%| F|  |TAMS 0x0000000086600000, 0x0000000086600000| Untracked 
| 103|0x0000000086700000, 0x0000000086700000, 0x0000000086800000|  0%| F|  |TAMS 0x0000000086700000, 0x0000000086700000| Untracked 
| 104|0x0000000086800000, 0x0000000086800000, 0x0000000086900000|  0%| F|  |TAMS 0x0000000086800000, 0x0000000086800000| Untracked 
| 105|0x0000000086900000, 0x0000000086900000, 0x0000000086a00000|  0%| F|  |TAMS 0x0000000086900000, 0x0000000086900000| Untracked 
| 106|0x0000000086a00000, 0x0000000086a00000, 0x0000000086b00000|  0%| F|  |TAMS 0x0000000086a00000, 0x0000000086a00000| Untracked 
| 107|0x0000000086b00000, 0x0000000086b00000, 0x0000000086c00000|  0%| F|  |TAMS 0x0000000086b00000, 0x0000000086b00000| Untracked 
| 108|0x0000000086c00000, 0x0000000086c80800, 0x0000000086d00000| 50%| E|  |TAMS 0x0000000086c00000, 0x0000000086c00000| Complete 
| 109|0x0000000086d00000, 0x0000000086e00000, 0x0000000086e00000|100%| E|CS|TAMS 0x0000000086d00000, 0x0000000086d00000| Complete 
| 110|0x0000000086e00000, 0x0000000086f00000, 0x0000000086f00000|100%| E|CS|TAMS 0x0000000086e00000, 0x0000000086e00000| Complete 
| 111|0x0000000086f00000, 0x0000000087000000, 0x0000000087000000|100%| E|CS|TAMS 0x0000000086f00000, 0x0000000086f00000| Complete 
| 112|0x0000000087000000, 0x0000000087100000, 0x0000000087100000|100%| E|CS|TAMS 0x0000000087000000, 0x0000000087000000| Complete 
| 113|0x0000000087100000, 0x0000000087200000, 0x0000000087200000|100%| E|CS|TAMS 0x0000000087100000, 0x0000000087100000| Complete 
| 114|0x0000000087200000, 0x0000000087300000, 0x0000000087300000|100%| E|CS|TAMS 0x0000000087200000, 0x0000000087200000| Complete 
| 115|0x0000000087300000, 0x0000000087400000, 0x0000000087400000|100%| E|CS|TAMS 0x0000000087300000, 0x0000000087300000| Complete 
| 116|0x0000000087400000, 0x0000000087500000, 0x0000000087500000|100%| E|CS|TAMS 0x0000000087400000, 0x0000000087400000| Complete 
| 117|0x0000000087500000, 0x0000000087600000, 0x0000000087600000|100%| E|CS|TAMS 0x0000000087500000, 0x0000000087500000| Complete 
| 118|0x0000000087600000, 0x0000000087700000, 0x0000000087700000|100%| E|CS|TAMS 0x0000000087600000, 0x0000000087600000| Complete 
| 119|0x0000000087700000, 0x0000000087800000, 0x0000000087800000|100%| E|CS|TAMS 0x0000000087700000, 0x0000000087700000| Complete 
| 120|0x0000000087800000, 0x0000000087900000, 0x0000000087900000|100%| E|CS|TAMS 0x0000000087800000, 0x0000000087800000| Complete 
| 121|0x0000000087900000, 0x0000000087a00000, 0x0000000087a00000|100%| E|CS|TAMS 0x0000000087900000, 0x0000000087900000| Complete 
| 122|0x0000000087a00000, 0x0000000087b00000, 0x0000000087b00000|100%| E|CS|TAMS 0x0000000087a00000, 0x0000000087a00000| Complete 
| 123|0x0000000087b00000, 0x0000000087c00000, 0x0000000087c00000|100%| E|CS|TAMS 0x0000000087b00000, 0x0000000087b00000| Complete 
| 124|0x0000000087c00000, 0x0000000087d00000, 0x0000000087d00000|100%| E|CS|TAMS 0x0000000087c00000, 0x0000000087c00000| Complete 
| 125|0x0000000087d00000, 0x0000000087e00000, 0x0000000087e00000|100%| E|CS|TAMS 0x0000000087d00000, 0x0000000087d00000| Complete 
| 126|0x0000000087e00000, 0x0000000087f00000, 0x0000000087f00000|100%| E|CS|TAMS 0x0000000087e00000, 0x0000000087e00000| Complete 
| 127|0x0000000087f00000, 0x0000000088000000, 0x0000000088000000|100%| E|CS|TAMS 0x0000000087f00000, 0x0000000087f00000| Complete 
| 199|0x000000008c700000, 0x000000008c800000, 0x000000008c800000|100%| E|CS|TAMS 0x000000008c700000, 0x000000008c700000| Complete 
| 200|0x000000008c800000, 0x000000008c900000, 0x000000008c900000|100%| E|CS|TAMS 0x000000008c800000, 0x000000008c800000| Complete 
| 201|0x000000008c900000, 0x000000008ca00000, 0x000000008ca00000|100%| E|CS|TAMS 0x000000008c900000, 0x000000008c900000| Complete 
| 202|0x000000008ca00000, 0x000000008cb00000, 0x000000008cb00000|100%| E|CS|TAMS 0x000000008ca00000, 0x000000008ca00000| Complete 
| 203|0x000000008cb00000, 0x000000008cc00000, 0x000000008cc00000|100%| E|CS|TAMS 0x000000008cb00000, 0x000000008cb00000| Complete 
| 204|0x000000008cc00000, 0x000000008cd00000, 0x000000008cd00000|100%| E|CS|TAMS 0x000000008cc00000, 0x000000008cc00000| Complete 
| 205|0x000000008cd00000, 0x000000008ce00000, 0x000000008ce00000|100%| E|CS|TAMS 0x000000008cd00000, 0x000000008cd00000| Complete 
| 206|0x000000008ce00000, 0x000000008ceaa8f0, 0x000000008cf00000| 66%| S|CS|TAMS 0x000000008ce00000, 0x000000008ce00000| Complete 
| 253|0x000000008fd00000, 0x000000008fe00000, 0x000000008fe00000|100%| E|CS|TAMS 0x000000008fd00000, 0x000000008fd00000| Complete 

Card table byte_map: [0x000002afbd2d0000,0x000002afbd6d0000] _byte_map_base: 0x000002afbced0000

Marking Bits (Prev, Next): (CMBitMap*) 0x000002afaa516ef0, (CMBitMap*) 0x000002afaa516f30
 Prev Bits: [0x000002afbdad0000, 0x000002afbfad0000)
 Next Bits: [0x000002afbfad0000, 0x000002afc1ad0000)

Polling page: 0x000002afa8400000

Metaspace:

Usage:
  Non-class:     61.77 MB used.
      Class:      9.47 MB used.
       Both:     71.24 MB used.

Virtual space:
  Non-class space:       64.00 MB reserved,      62.06 MB ( 97%) committed,  8 nodes.
      Class space:        1.00 GB reserved,       9.75 MB ( <1%) committed,  1 nodes.
             Both:        1.06 GB reserved,      71.81 MB (  7%) committed. 

Chunk freelists:
   Non-Class:  1.38 MB
       Class:  2.17 MB
        Both:  3.55 MB

MaxMetaspaceSize: unlimited
CompressedClassSpaceSize: 1.00 GB
Initial GC threshold: 21.00 MB
Current GC threshold: 112.81 MB
CDS: off
MetaspaceReclaimPolicy: balanced
 - commit_granule_bytes: 65536.
 - commit_granule_words: 8192.
 - virtual_space_node_default_size: 1048576.
 - enlarge_chunks_in_place: 1.
 - new_chunks_are_fully_committed: 0.
 - uncommit_free_chunks: 1.
 - use_allocation_guard: 0.
 - handle_deallocations: 1.


Internal statistics:

num_allocs_failed_limit: 9.
num_arena_births: 644.
num_arena_deaths: 0.
num_vsnodes_births: 9.
num_vsnodes_deaths: 0.
num_space_committed: 1149.
num_space_uncommitted: 0.
num_chunks_returned_to_freelist: 9.
num_chunks_taken_from_freelist: 2977.
num_chunk_merges: 9.
num_chunk_splits: 1994.
num_chunks_enlarged: 1356.
num_purges: 0.
num_inconsistent_stats: 0.

CodeHeap 'non-profiled nmethods': size=120000Kb used=3986Kb max_used=3986Kb free=116013Kb
 bounds [0x000002afb5450000, 0x000002afb5840000, 0x000002afbc980000]
CodeHeap 'profiled nmethods': size=120000Kb used=12490Kb max_used=12490Kb free=107509Kb
 bounds [0x000002afad980000, 0x000002afae5c0000, 0x000002afb4eb0000]
CodeHeap 'non-nmethods': size=5760Kb used=2386Kb max_used=2512Kb free=3373Kb
 bounds [0x000002afb4eb0000, 0x000002afb5140000, 0x000002afb5450000]
 total_blobs=7490 nmethods=6574 adapters=828
 compilation: enabled
              stopped_count=0, restarted_count=0
 full_count=0

Compilation events (20 events):
Event: 10.631 Thread 0x000002afc50b8840 nmethod 7336 0x000002afb5833f90 code [0x000002afb5834120, 0x000002afb58343b8]
Event: 10.631 Thread 0x000002afc50b8840 7342       4       org.objectweb.asm.Frame::merge (395 bytes)
Event: 10.632 Thread 0x000002afc5089830 nmethod 7343 0x000002afae5ad290 code [0x000002afae5ad5e0, 0x000002afae5aea48]
Event: 10.632 Thread 0x000002afc5089830 7344       3       java.util.Collections$EmptyMap::values (4 bytes)
Event: 10.632 Thread 0x000002afc5089830 nmethod 7344 0x000002afae5af510 code [0x000002afae5af6a0, 0x000002afae5af818]
Event: 10.632 Thread 0x000002afc5089830 7345       3       org.gradle.internal.instantiation.generator.AsmBackedClassGenerator$ClassBuilderImpl::access$1400 (4 bytes)
Event: 10.632 Thread 0x000002afc5089830 nmethod 7345 0x000002afae5af910 code [0x000002afae5afaa0, 0x000002afae5afb98]
Event: 10.633 Thread 0x000002afc5089830 7346       3       org.objectweb.asm.commons.GeneratorAdapter::<init> (36 bytes)
Event: 10.633 Thread 0x000002afc5089830 nmethod 7346 0x000002afae5afc10 code [0x000002afae5afde0, 0x000002afae5b00c8]
Event: 10.634 Thread 0x000002afc5089830 7349       3       org.objectweb.asm.AnnotationWriter::putAnnotations (67 bytes)
Event: 10.634 Thread 0x000002afc5089830 nmethod 7349 0x000002afae5b0290 code [0x000002afae5b04a0, 0x000002afae5b08d8]
Event: 10.634 Thread 0x000002afc5089830 7347       3       org.objectweb.asm.ClassWriter::visitMethod (57 bytes)
Event: 10.634 Thread 0x000002afc5089830 nmethod 7347 0x000002afae5b0b90 code [0x000002afae5b0d40, 0x000002afae5b10a8]
Event: 10.634 Thread 0x000002afc5089830 7348       3       org.objectweb.asm.commons.GeneratorAdapter::returnValue (18 bytes)
Event: 10.635 Thread 0x000002afc5089830 nmethod 7348 0x000002afae5b1210 code [0x000002afae5b13c0, 0x000002afae5b15d8]
Event: 10.635 Thread 0x000002afc5089830 7350       3       org.gradle.internal.instantiation.generator.AsmBackedClassGenerator$ClassBuilderImpl::addConventionSetter (58 bytes)
Event: 10.635 Thread 0x000002afc5089830 nmethod 7350 0x000002afae5b1710 code [0x000002afae5b1980, 0x000002afae5b2538]
Event: 10.637 Thread 0x000002afc5089830 7351       1       org.gradle.internal.instantiation.generator.AsmBackedClassGenerator$ClassBuilderImpl::access$7300 (5 bytes)
Event: 10.637 Thread 0x000002afc5089830 nmethod 7351 0x000002afb5834610 code [0x000002afb58347a0, 0x000002afb5834858]
Event: 10.638 Thread 0x000002afc5089830 7352       3       org.objectweb.asm.Frame::push (59 bytes)

GC Heap History (20 events):
Event: 7.639 GC heap before
{Heap before GC invocations=17 (full 0):
 garbage-first heap   total 86016K, used 66614K [0x0000000080000000, 0x0000000100000000)
  region size 1024K, 31 young (31744K), 4 survivors (4096K)
 Metaspace       used 60755K, committed 61184K, reserved 1105920K
  class space    used 8051K, committed 8256K, reserved 1048576K
}
Event: 7.645 GC heap after
{Heap after GC invocations=18 (full 0):
 garbage-first heap   total 86016K, used 44671K [0x0000000080000000, 0x0000000100000000)
  region size 1024K, 4 young (4096K), 4 survivors (4096K)
 Metaspace       used 60755K, committed 61184K, reserved 1105920K
  class space    used 8051K, committed 8256K, reserved 1048576K
}
Event: 7.765 GC heap before
{Heap before GC invocations=18 (full 0):
 garbage-first heap   total 86016K, used 49791K [0x0000000080000000, 0x0000000100000000)
  region size 1024K, 11 young (11264K), 4 survivors (4096K)
 Metaspace       used 60983K, committed 61568K, reserved 1105920K
  class space    used 8087K, committed 8384K, reserved 1048576K
}
Event: 7.769 GC heap after
{Heap after GC invocations=19 (full 0):
 garbage-first heap   total 86016K, used 45663K [0x0000000080000000, 0x0000000100000000)
  region size 1024K, 1 young (1024K), 1 survivors (1024K)
 Metaspace       used 60983K, committed 61568K, reserved 1105920K
  class space    used 8087K, committed 8384K, reserved 1048576K
}
Event: 8.219 GC heap before
{Heap before GC invocations=20 (full 0):
 garbage-first heap   total 94208K, used 79455K [0x0000000080000000, 0x0000000100000000)
  region size 1024K, 23 young (23552K), 1 survivors (1024K)
 Metaspace       used 62085K, committed 62592K, reserved 1105920K
  class space    used 8209K, committed 8448K, reserved 1048576K
}
Event: 8.221 GC heap after
{Heap after GC invocations=21 (full 0):
 garbage-first heap   total 94208K, used 64716K [0x0000000080000000, 0x0000000100000000)
  region size 1024K, 3 young (3072K), 3 survivors (3072K)
 Metaspace       used 62085K, committed 62592K, reserved 1105920K
  class space    used 8209K, committed 8448K, reserved 1048576K
}
Event: 8.232 GC heap before
{Heap before GC invocations=21 (full 0):
 garbage-first heap   total 94208K, used 64716K [0x0000000080000000, 0x0000000100000000)
  region size 1024K, 4 young (4096K), 3 survivors (3072K)
 Metaspace       used 62146K, committed 62656K, reserved 1105920K
  class space    used 8215K, committed 8448K, reserved 1048576K
}
Event: 8.235 GC heap after
{Heap after GC invocations=22 (full 0):
 garbage-first heap   total 94208K, used 65116K [0x0000000080000000, 0x0000000100000000)
  region size 1024K, 1 young (1024K), 1 survivors (1024K)
 Metaspace       used 62146K, committed 62656K, reserved 1105920K
  class space    used 8215K, committed 8448K, reserved 1048576K
}
Event: 8.403 GC heap before
{Heap before GC invocations=22 (full 0):
 garbage-first heap   total 94208K, used 77404K [0x0000000080000000, 0x0000000100000000)
  region size 1024K, 13 young (13312K), 1 survivors (1024K)
 Metaspace       used 63243K, committed 63808K, reserved 1105920K
  class space    used 8386K, committed 8640K, reserved 1048576K
}
Event: 8.405 GC heap after
{Heap after GC invocations=23 (full 0):
 garbage-first heap   total 94208K, used 65914K [0x0000000080000000, 0x0000000100000000)
  region size 1024K, 1 young (1024K), 1 survivors (1024K)
 Metaspace       used 63243K, committed 63808K, reserved 1105920K
  class space    used 8386K, committed 8640K, reserved 1048576K
}
Event: 8.558 GC heap before
{Heap before GC invocations=24 (full 0):
 garbage-first heap   total 116736K, used 78202K [0x0000000080000000, 0x0000000100000000)
  region size 1024K, 13 young (13312K), 1 survivors (1024K)
 Metaspace       used 64375K, committed 64960K, reserved 1105920K
  class space    used 8547K, committed 8832K, reserved 1048576K
}
Event: 8.560 GC heap after
{Heap after GC invocations=25 (full 0):
 garbage-first heap   total 116736K, used 66249K [0x0000000080000000, 0x0000000100000000)
  region size 1024K, 2 young (2048K), 2 survivors (2048K)
 Metaspace       used 64375K, committed 64960K, reserved 1105920K
  class space    used 8547K, committed 8832K, reserved 1048576K
}
Event: 8.608 GC heap before
{Heap before GC invocations=25 (full 0):
 garbage-first heap   total 116736K, used 69321K [0x0000000080000000, 0x0000000100000000)
  region size 1024K, 5 young (5120K), 2 survivors (2048K)
 Metaspace       used 64717K, committed 65216K, reserved 1105920K
  class space    used 8586K, committed 8832K, reserved 1048576K
}
Event: 8.611 GC heap after
{Heap after GC invocations=26 (full 0):
 garbage-first heap   total 140288K, used 66529K [0x0000000080000000, 0x0000000100000000)
  region size 1024K, 1 young (1024K), 1 survivors (1024K)
 Metaspace       used 64717K, committed 65216K, reserved 1105920K
  class space    used 8586K, committed 8832K, reserved 1048576K
}
Event: 9.398 GC heap before
{Heap before GC invocations=26 (full 0):
 garbage-first heap   total 140288K, used 100321K [0x0000000080000000, 0x0000000100000000)
  region size 1024K, 34 young (34816K), 1 survivors (1024K)
 Metaspace       used 68402K, committed 68928K, reserved 1114112K
  class space    used 9078K, committed 9344K, reserved 1048576K
}
Event: 9.401 GC heap after
{Heap after GC invocations=27 (full 0):
 garbage-first heap   total 140288K, used 67325K [0x0000000080000000, 0x0000000100000000)
  region size 1024K, 2 young (2048K), 2 survivors (2048K)
 Metaspace       used 68402K, committed 68928K, reserved 1114112K
  class space    used 9078K, committed 9344K, reserved 1048576K
}
Event: 10.165 GC heap before
{Heap before GC invocations=28 (full 0):
 garbage-first heap   total 140288K, used 109309K [0x0000000080000000, 0x0000000100000000)
  region size 1024K, 37 young (37888K), 2 survivors (2048K)
 Metaspace       used 70660K, committed 71168K, reserved 1114112K
  class space    used 9425K, committed 9664K, reserved 1048576K
}
Event: 10.168 GC heap after
{Heap after GC invocations=29 (full 0):
 garbage-first heap   total 140288K, used 71443K [0x0000000080000000, 0x0000000100000000)
  region size 1024K, 5 young (5120K), 5 survivors (5120K)
 Metaspace       used 70660K, committed 71168K, reserved 1114112K
  class space    used 9425K, committed 9664K, reserved 1048576K
}
Event: 10.209 GC heap before
{Heap before GC invocations=29 (full 0):
 garbage-first heap   total 140288K, used 71443K [0x0000000080000000, 0x0000000100000000)
  region size 1024K, 6 young (6144K), 5 survivors (5120K)
 Metaspace       used 70778K, committed 71296K, reserved 1114112K
  class space    used 9432K, committed 9664K, reserved 1048576K
}
Event: 10.212 GC heap after
{Heap after GC invocations=30 (full 0):
 garbage-first heap   total 140288K, used 71331K [0x0000000080000000, 0x0000000100000000)
  region size 1024K, 1 young (1024K), 1 survivors (1024K)
 Metaspace       used 70778K, committed 71296K, reserved 1114112K
  class space    used 9432K, committed 9664K, reserved 1048576K
}

Dll operation events (3 events):
Event: 0.011 Loaded shared library C:\Program Files\Android\Android Studio\jbr\bin\java.dll
Event: 0.141 Loaded shared library C:\Program Files\Android\Android Studio\jbr\bin\zip.dll
Event: 0.366 Loaded shared library C:\Program Files\Android\Android Studio\jbr\bin\verify.dll

Deoptimization events (20 events):
Event: 10.263 Thread 0x000002afc83499e0 DEOPT PACKING pc=0x000002afb549e914 sp=0x000000dda42f6230
Event: 10.263 Thread 0x000002afc83499e0 DEOPT UNPACKING pc=0x000002afb4f069a3 sp=0x000000dda42f61b0 mode 2
Event: 10.268 Thread 0x000002afc83499e0 Uncommon trap: trap_request=0xffffffc6 fr.pc=0x000002afb54af884 relative=0x0000000000002804
Event: 10.268 Thread 0x000002afc83499e0 Uncommon trap: reason=bimorphic_or_optimized_type_check action=maybe_recompile pc=0x000002afb54af884 method=java.util.HashMap.putVal(ILjava/lang/Object;Ljava/lang/Object;ZZ)Ljava/lang/Object; @ 91 c2
Event: 10.268 Thread 0x000002afc83499e0 DEOPT PACKING pc=0x000002afb54af884 sp=0x000000dda42f7040
Event: 10.268 Thread 0x000002afc83499e0 DEOPT UNPACKING pc=0x000002afb4f069a3 sp=0x000000dda42f6f18 mode 2
Event: 10.268 Thread 0x000002afc83499e0 Uncommon trap: trap_request=0xffffffc6 fr.pc=0x000002afb54af884 relative=0x0000000000002804
Event: 10.268 Thread 0x000002afc83499e0 Uncommon trap: reason=bimorphic_or_optimized_type_check action=maybe_recompile pc=0x000002afb54af884 method=java.util.HashMap.putVal(ILjava/lang/Object;Ljava/lang/Object;ZZ)Ljava/lang/Object; @ 91 c2
Event: 10.268 Thread 0x000002afc83499e0 DEOPT PACKING pc=0x000002afb54af884 sp=0x000000dda42f7040
Event: 10.268 Thread 0x000002afc83499e0 DEOPT UNPACKING pc=0x000002afb4f069a3 sp=0x000000dda42f6f18 mode 2
Event: 10.268 Thread 0x000002afc83499e0 Uncommon trap: trap_request=0xffffffc6 fr.pc=0x000002afb54af884 relative=0x0000000000002804
Event: 10.268 Thread 0x000002afc83499e0 Uncommon trap: reason=bimorphic_or_optimized_type_check action=maybe_recompile pc=0x000002afb54af884 method=java.util.HashMap.putVal(ILjava/lang/Object;Ljava/lang/Object;ZZ)Ljava/lang/Object; @ 91 c2
Event: 10.268 Thread 0x000002afc83499e0 DEOPT PACKING pc=0x000002afb54af884 sp=0x000000dda42f6fb0
Event: 10.268 Thread 0x000002afc83499e0 DEOPT UNPACKING pc=0x000002afb4f069a3 sp=0x000000dda42f6e88 mode 2
Event: 10.268 Thread 0x000002afc83499e0 Uncommon trap: trap_request=0xffffffc6 fr.pc=0x000002afb54af884 relative=0x0000000000002804
Event: 10.268 Thread 0x000002afc83499e0 Uncommon trap: reason=bimorphic_or_optimized_type_check action=maybe_recompile pc=0x000002afb54af884 method=java.util.HashMap.putVal(ILjava/lang/Object;Ljava/lang/Object;ZZ)Ljava/lang/Object; @ 91 c2
Event: 10.268 Thread 0x000002afc83499e0 DEOPT PACKING pc=0x000002afb54af884 sp=0x000000dda42f6fb0
Event: 10.269 Thread 0x000002afc83499e0 DEOPT UNPACKING pc=0x000002afb4f069a3 sp=0x000000dda42f6e88 mode 2
Event: 10.426 Thread 0x000002afc83499e0 DEOPT PACKING pc=0x000002afada30be3 sp=0x000000dda42f3e30
Event: 10.426 Thread 0x000002afc83499e0 DEOPT UNPACKING pc=0x000002afb4f07143 sp=0x000000dda42f3340 mode 0

Classes unloaded (0 events):
No events

Classes redefined (0 events):
No events

Internal exceptions (20 events):
Event: 7.715 Thread 0x000002afc83499e0 Exception <a 'java/lang/NoSuchMethodError'{0x000000008cbfaa30}: 'long java.lang.invoke.DirectMethodHandle$Holder.invokeVirtual(java.lang.Object, java.lang.Object)'> (0x000000008cbfaa30) 
thrown [s\src\hotspot\share\interpreter\linkResolver.cpp, line 771]
Event: 7.722 Thread 0x000002afc834bb90 Exception <a 'java/lang/NoSuchMethodError'{0x000000008ca71f28}: static Lorg/gradle/internal/build/event/types/DefaultOperationFinishedProgressEvent;.<clinit>()V> (0x000000008ca71f28) 
thrown [s\src\hotspot\share\prims\jni.cpp, line 1108]
Event: 7.726 Thread 0x000002afc834bb90 Exception <a 'java/lang/NoSuchMethodError'{0x000000008ca9c7b8}: static Lorg/gradle/internal/build/event/types/DefaultProjectConfigurationSuccessResult;.<clinit>()V> (0x000000008ca9c7b8) 
thrown [s\src\hotspot\share\prims\jni.cpp, line 1108]
Event: 7.726 Thread 0x000002afc834bb90 Exception <a 'java/lang/NoSuchMethodError'{0x000000008ca9dd50}: static Lorg/gradle/internal/build/event/types/AbstractProjectConfigurationResult;.<clinit>()V> (0x000000008ca9dd50) 
thrown [s\src\hotspot\share\prims\jni.cpp, line 1108]
Event: 7.726 Thread 0x000002afc834bb90 Exception <a 'java/lang/NoSuchMethodError'{0x000000008ca9f498}: static Lorg/gradle/internal/build/event/types/AbstractOperationResult;.<clinit>()V> (0x000000008ca9f498) 
thrown [s\src\hotspot\share\prims\jni.cpp, line 1108]
Event: 7.726 Thread 0x000002afc834bb90 Exception <a 'java/lang/NoSuchMethodError'{0x000000008caa0910}: static Lorg/gradle/internal/build/event/types/AbstractResult;.<clinit>()V> (0x000000008caa0910) 
thrown [s\src\hotspot\share\prims\jni.cpp, line 1108]
Event: 7.728 Thread 0x000002afc834bb90 Exception <a 'java/lang/NoSuchMethodError'{0x000000008cab9fd8}: static Lorg/gradle/internal/build/event/types/DefaultPluginApplicationResult;.<clinit>()V> (0x000000008cab9fd8) 
thrown [s\src\hotspot\share\prims\jni.cpp, line 1108]
Event: 7.729 Thread 0x000002afc834bb90 Exception <a 'java/lang/NoSuchMethodError'{0x000000008cac6e50}: static Lorg/gradle/internal/build/event/types/DefaultBinaryPluginIdentifier;.<clinit>()V> (0x000000008cac6e50) 
thrown [s\src\hotspot\share\prims\jni.cpp, line 1108]
Event: 7.732 Thread 0x000002afc834bb90 Exception <a 'java/lang/NoSuchMethodError'{0x000000008cae16e8}: static Lorg/gradle/internal/build/event/types/DefaultScriptPluginIdentifier;.<clinit>()V> (0x000000008cae16e8) 
thrown [s\src\hotspot\share\prims\jni.cpp, line 1108]
Event: 7.754 Thread 0x000002afc83499e0 Exception <a 'java/lang/ClassNotFoundException'{0x000000008c945a60}: build_7k0r4cbe9eei4z3kam3ywtj6eBeanInfo> (0x000000008c945a60) 
thrown [s\src\hotspot\share\classfile\systemDictionary.cpp, line 256]
Event: 7.754 Thread 0x000002afc83499e0 Exception <a 'java/lang/ClassNotFoundException'{0x000000008c94c3c0}: build_7k0r4cbe9eei4z3kam3ywtj6eCustomizer> (0x000000008c94c3c0) 
thrown [s\src\hotspot\share\classfile\systemDictionary.cpp, line 256]
Event: 8.065 Thread 0x000002afc83499e0 Exception <a 'java/lang/ClassNotFoundException'{0x0000000084f41260}: sun/misc/SharedSecrets> (0x0000000084f41260) 
thrown [s\src\hotspot\share\classfile\systemDictionary.cpp, line 256]
Event: 8.066 Thread 0x000002afc83499e0 Exception <a 'java/lang/ClassNotFoundException'{0x0000000084f42838}: org/gradle/api/internal/plugins/DefaultObjectConfigurationActionBeanInfo> (0x0000000084f42838) 
thrown [s\src\hotspot\share\classfile\systemDictionary.cpp, line 256]
Event: 8.067 Thread 0x000002afc83499e0 Exception <a 'java/lang/ClassNotFoundException'{0x0000000084f55810}: org/gradle/api/internal/plugins/DefaultObjectConfigurationActionCustomizer> (0x0000000084f55810) 
thrown [s\src\hotspot\share\classfile\systemDictionary.cpp, line 256]
Event: 8.350 Thread 0x000002afc83499e0 Exception <a 'java/lang/NoSuchMethodError'{0x0000000085290460}: 'java.lang.Object java.lang.invoke.DirectMethodHandle$Holder.newInvokeSpecial(java.lang.Object, java.lang.Object, java.lang.Object, java.lang.Object, int)'> (0x0000000085290460) 
thrown [s\src\hotspot\share\interpreter\linkResolver.cpp, line 771]
Event: 8.350 Thread 0x000002afc83499e0 Exception <a 'java/lang/NoSuchMethodError'{0x0000000085295600}: 'java.lang.Object java.lang.invoke.DirectMethodHandle$Holder.invokeSpecial(java.lang.Object, java.lang.Object, java.lang.Object, java.lang.Object, java.lang.Object, int)'> (0x0000000085295600) 
thrown [s\src\hotspot\share\interpreter\linkResolver.cpp, line 771]
Event: 8.351 Thread 0x000002afc83499e0 Exception <a 'java/lang/NoSuchMethodError'{0x000000008529a0d8}: 'java.lang.Object java.lang.invoke.Invokers$Holder.linkToTargetMethod(java.lang.Object, java.lang.Object, java.lang.Object, int, java.lang.Object)'> (0x000000008529a0d8) 
thrown [s\src\hotspot\share\interpreter\linkResolver.cpp, line 771]
Event: 8.629 Thread 0x000002afc83499e0 Exception <a 'java/lang/NoSuchMethodError'{0x000000008ce0c468}: 'int java.lang.invoke.DirectMethodHandle$Holder.invokeInterface(java.lang.Object, java.lang.Object, java.lang.Object, java.lang.Object)'> (0x000000008ce0c468) 
thrown [s\src\hotspot\share\interpreter\linkResolver.cpp, line 771]
Event: 9.752 Thread 0x000002afc83499e0 Implicit null exception at 0x000002afb5644a8c to 0x000002afb5644bc2
Event: 10.042 Thread 0x000002afc83499e0 Exception <a 'sun/nio/fs/WindowsException'{0x0000000086a63628}> (0x0000000086a63628) 
thrown [s\src\hotspot\share\prims\jni.cpp, line 517]

VM Operations (20 events):
Event: 8.621 Executing VM operation: HandshakeAllThreads
Event: 8.621 Executing VM operation: HandshakeAllThreads done
Event: 8.627 Executing VM operation: HandshakeAllThreads
Event: 8.627 Executing VM operation: HandshakeAllThreads done
Event: 8.628 Executing VM operation: HandshakeAllThreads
Event: 8.628 Executing VM operation: HandshakeAllThreads done
Event: 9.398 Executing VM operation: G1CollectForAllocation
Event: 9.401 Executing VM operation: G1CollectForAllocation done
Event: 9.446 Executing VM operation: G1Concurrent
Event: 9.449 Executing VM operation: G1Concurrent done
Event: 9.468 Executing VM operation: G1Concurrent
Event: 9.469 Executing VM operation: G1Concurrent done
Event: 9.761 Executing VM operation: HandshakeAllThreads
Event: 9.761 Executing VM operation: HandshakeAllThreads done
Event: 10.165 Executing VM operation: G1CollectForAllocation
Event: 10.168 Executing VM operation: G1CollectForAllocation done
Event: 10.209 Executing VM operation: G1CollectForAllocation
Event: 10.212 Executing VM operation: G1CollectForAllocation done
Event: 10.379 Executing VM operation: HandshakeAllThreads
Event: 10.379 Executing VM operation: HandshakeAllThreads done

Events (20 events):
Event: 9.769 loading class java/security/cert/CertPathValidatorException$Reason done
Event: 9.769 loading class java/security/cert/CertPathValidatorException$BasicReason done
Event: 9.784 loading class java/util/Base64
Event: 9.784 loading class java/util/Base64 done
Event: 9.784 loading class java/util/Base64$Decoder
Event: 9.788 loading class java/util/Base64$Decoder done
Event: 9.788 loading class java/util/Base64$Encoder
Event: 9.788 loading class java/util/Base64$Encoder done
Event: 9.788 loading class java/util/jar/JarVerifier$VerifierStream
Event: 9.788 loading class java/util/jar/JarVerifier$VerifierStream done
Event: 9.788 loading class sun/security/util/ManifestEntryVerifier$SunProviderHolder
Event: 9.789 loading class sun/security/util/ManifestEntryVerifier$SunProviderHolder done
Event: 9.952 loading class java/security/KeyStore$ProtectionParameter
Event: 9.952 loading class java/security/KeyStore$ProtectionParameter done
Event: 10.145 Thread 0x000002afcf1eb590 Thread exited: 0x000002afcf1eb590
Event: 10.145 Thread 0x000002afc88a5430 Thread exited: 0x000002afc88a5430
Event: 10.380 Thread 0x000002afc508c550 flushing nmethod 0x000002afada0e290
Event: 10.380 Thread 0x000002afc508c550 flushing nmethod 0x000002afadad7190
Event: 10.380 Thread 0x000002afc508c550 flushing nmethod 0x000002afadb01310
Event: 10.531 Thread 0x000002afc81a6420 Thread added: 0x000002afc81a6420


Dynamic libraries:
0x00007ff7f6ca0000 - 0x00007ff7f6caa000 	C:\Program Files\Android\Android Studio\jbr\bin\java.exe
0x00007ffcde9f0000 - 0x00007ffcdec07000 	C:\WINDOWS\SYSTEM32\ntdll.dll
0x00007ffcdd8b0000 - 0x00007ffcdd974000 	C:\WINDOWS\System32\KERNEL32.DLL
0x00007ffcdbd70000 - 0x00007ffcdc116000 	C:\WINDOWS\System32\KERNELBASE.dll
0x00007ffcdc4a0000 - 0x00007ffcdc5b1000 	C:\WINDOWS\System32\ucrtbase.dll
0x00007ffcbb1a0000 - 0x00007ffcbb1bb000 	C:\Program Files\Android\Android Studio\jbr\bin\VCRUNTIME140.dll
0x00007ffcb9ed0000 - 0x00007ffcb9ee7000 	C:\Program Files\Android\Android Studio\jbr\bin\jli.dll
0x00007ffcdc8c0000 - 0x00007ffcdca6d000 	C:\WINDOWS\System32\USER32.dll
0x00007ffcdc470000 - 0x00007ffcdc496000 	C:\WINDOWS\System32\win32u.dll
0x00007ffcc9b80000 - 0x00007ffcc9e13000 	C:\WINDOWS\WinSxS\amd64_microsoft.windows.common-controls_6595b64144ccf1df_6.0.22621.2361_none_2712ced57382f843\COMCTL32.dll
0x00007ffcdd4a0000 - 0x00007ffcdd4c9000 	C:\WINDOWS\System32\GDI32.dll
0x00007ffcdd4d0000 - 0x00007ffcdd577000 	C:\WINDOWS\System32\msvcrt.dll
0x00007ffcdc350000 - 0x00007ffcdc468000 	C:\WINDOWS\System32\gdi32full.dll
0x00007ffcdc5c0000 - 0x00007ffcdc65a000 	C:\WINDOWS\System32\msvcp_win.dll
0x00007ffcde5e0000 - 0x00007ffcde611000 	C:\WINDOWS\System32\IMM32.DLL
0x00007ffccc4c0000 - 0x00007ffccc4cc000 	C:\Program Files\Android\Android Studio\jbr\bin\vcruntime140_1.dll
0x00007ffc9f720000 - 0x00007ffc9f7ad000 	C:\Program Files\Android\Android Studio\jbr\bin\msvcp140.dll
0x00007ffc6de10000 - 0x00007ffc6ea7d000 	C:\Program Files\Android\Android Studio\jbr\bin\server\jvm.dll
0x00007ffcdde70000 - 0x00007ffcddf20000 	C:\WINDOWS\System32\ADVAPI32.dll
0x00007ffcde130000 - 0x00007ffcde1d6000 	C:\WINDOWS\System32\sechost.dll
0x00007ffcdd380000 - 0x00007ffcdd497000 	C:\WINDOWS\System32\RPCRT4.dll
0x00007ffcd5970000 - 0x00007ffcd59a4000 	C:\WINDOWS\SYSTEM32\WINMM.dll
0x00007ffcd56e0000 - 0x00007ffcd56ea000 	C:\WINDOWS\SYSTEM32\VERSION.dll
0x00007ffccc610000 - 0x00007ffccc619000 	C:\WINDOWS\SYSTEM32\WSOCK32.dll
0x00007ffcdc750000 - 0x00007ffcdc7c1000 	C:\WINDOWS\System32\WS2_32.dll
0x00007ffcdad50000 - 0x00007ffcdad68000 	C:\WINDOWS\SYSTEM32\kernel.appcore.dll
0x00007ffccc3f0000 - 0x00007ffccc3fa000 	C:\Program Files\Android\Android Studio\jbr\bin\jimage.dll
0x00007ffcc7950000 - 0x00007ffcc7b7e000 	C:\WINDOWS\SYSTEM32\DBGHELP.DLL
0x00007ffcde620000 - 0x00007ffcde9aa000 	C:\WINDOWS\System32\combase.dll
0x00007ffcde1f0000 - 0x00007ffcde2c7000 	C:\WINDOWS\System32\OLEAUT32.dll
0x00007ffcc5c60000 - 0x00007ffcc5c92000 	C:\WINDOWS\SYSTEM32\dbgcore.DLL
0x00007ffcdc660000 - 0x00007ffcdc6da000 	C:\WINDOWS\System32\bcryptPrimitives.dll
0x00007ffccb400000 - 0x00007ffccb40e000 	C:\Program Files\Android\Android Studio\jbr\bin\instrument.dll
0x00007ffccae40000 - 0x00007ffccae65000 	C:\Program Files\Android\Android Studio\jbr\bin\java.dll
0x00007ffccb300000 - 0x00007ffccb318000 	C:\Program Files\Android\Android Studio\jbr\bin\zip.dll
0x00007ffcdca70000 - 0x00007ffcdd2c8000 	C:\WINDOWS\System32\SHELL32.dll
0x00007ffcd9cd0000 - 0x00007ffcda5c2000 	C:\WINDOWS\SYSTEM32\windows.storage.dll
0x00007ffcd9b90000 - 0x00007ffcd9cce000 	C:\WINDOWS\SYSTEM32\wintypes.dll
0x00007ffcdd6f0000 - 0x00007ffcdd7e3000 	C:\WINDOWS\System32\SHCORE.dll
0x00007ffcde0d0000 - 0x00007ffcde12e000 	C:\WINDOWS\System32\shlwapi.dll
0x00007ffcdbca0000 - 0x00007ffcdbcc6000 	C:\WINDOWS\SYSTEM32\profapi.dll
0x00007ffccafc0000 - 0x00007ffccafd9000 	C:\Program Files\Android\Android Studio\jbr\bin\net.dll
0x00007ffcd5500000 - 0x00007ffcd5637000 	C:\WINDOWS\SYSTEM32\WINHTTP.dll
0x00007ffcdb230000 - 0x00007ffcdb299000 	C:\WINDOWS\system32\mswsock.dll
0x00007ffccabb0000 - 0x00007ffccabc6000 	C:\Program Files\Android\Android Studio\jbr\bin\nio.dll
0x00007ffccbaf0000 - 0x00007ffccbb00000 	C:\Program Files\Android\Android Studio\jbr\bin\verify.dll
0x00007ffcc6b60000 - 0x00007ffcc6b87000 	C:\Users\jekat\.gradle\native\c067742578af261105cb4f569cf0c3c89f3d7b1fecec35dd04571415982c5e48\windows-amd64\native-platform.dll
0x00007ffc9b910000 - 0x00007ffc9ba54000 	C:\Users\jekat\.gradle\native\38dada09dfb8b06ba9b0570ebf7e218e3eb74d4ef43ca46872605cf95ebc2f47\windows-amd64\native-platform-file-events.dll
0x00007ffccc350000 - 0x00007ffccc359000 	C:\Program Files\Android\Android Studio\jbr\bin\management.dll
0x00007ffccc070000 - 0x00007ffccc07b000 	C:\Program Files\Android\Android Studio\jbr\bin\management_ext.dll
0x00007ffcddf20000 - 0x00007ffcddf28000 	C:\WINDOWS\System32\PSAPI.DLL
0x00007ffcdb480000 - 0x00007ffcdb49b000 	C:\WINDOWS\SYSTEM32\CRYPTSP.dll
0x00007ffcdad10000 - 0x00007ffcdad45000 	C:\WINDOWS\system32\rsaenh.dll
0x00007ffcdb320000 - 0x00007ffcdb34c000 	C:\WINDOWS\SYSTEM32\USERENV.dll
0x00007ffcdb6e0000 - 0x00007ffcdb708000 	C:\WINDOWS\SYSTEM32\bcrypt.dll
0x00007ffcdb4a0000 - 0x00007ffcdb4ac000 	C:\WINDOWS\SYSTEM32\CRYPTBASE.dll
0x00007ffcda830000 - 0x00007ffcda85d000 	C:\WINDOWS\SYSTEM32\IPHLPAPI.DLL
0x00007ffcde1e0000 - 0x00007ffcde1e9000 	C:\WINDOWS\System32\NSI.dll
0x00007ffcd5300000 - 0x00007ffcd5319000 	C:\WINDOWS\SYSTEM32\dhcpcsvc6.DLL
0x00007ffcd52a0000 - 0x00007ffcd52bf000 	C:\WINDOWS\SYSTEM32\dhcpcsvc.DLL
0x00007ffcda8a0000 - 0x00007ffcda999000 	C:\WINDOWS\SYSTEM32\DNSAPI.dll
0x00007ffcbb680000 - 0x00007ffcbb688000 	C:\WINDOWS\system32\wshunix.dll
0x00007ffcd3570000 - 0x00007ffcd357a000 	C:\Windows\System32\rasadhlp.dll
0x00007ffcd48c0000 - 0x00007ffcd4944000 	C:\WINDOWS\System32\fwpuclnt.dll

dbghelp: loaded successfully - version: 4.0.5 - missing functions: none
symbol engine: initialized successfully - sym options: 0x614 - pdb path: .;C:\Program Files\Android\Android Studio\jbr\bin;C:\WINDOWS\SYSTEM32;C:\WINDOWS\WinSxS\amd64_microsoft.windows.common-controls_6595b64144ccf1df_6.0.22621.2361_none_2712ced57382f843;C:\Program Files\Android\Android Studio\jbr\bin\server;C:\Users\jekat\.gradle\native\c067742578af261105cb4f569cf0c3c89f3d7b1fecec35dd04571415982c5e48\windows-amd64;C:\Users\jekat\.gradle\native\38dada09dfb8b06ba9b0570ebf7e218e3eb74d4ef43ca46872605cf95ebc2f47\windows-amd64

VM Arguments:
jvm_args: --add-opens=java.base/java.util=ALL-UNNAMED --add-opens=java.base/java.lang=ALL-UNNAMED --add-opens=java.base/java.lang.invoke=ALL-UNNAMED --add-opens=java.prefs/java.util.prefs=ALL-UNNAMED --add-opens=java.base/java.nio.charset=ALL-UNNAMED --add-opens=java.base/java.net=ALL-UNNAMED --add-opens=java.base/java.util.concurrent.atomic=ALL-UNNAMED -Xmx2048m -Dfile.encoding=UTF-8 -Duser.country=EE -Duser.language=et -Duser.variant -javaagent:C:\Users\jekat\.gradle\wrapper\dists\gradle-8.4-bin\1w5dpkrfk8irigvoxmyhowfim\gradle-8.4\lib\agents\gradle-instrumentation-agent-8.4.jar 
java_command: org.gradle.launcher.daemon.bootstrap.GradleDaemon 8.4
java_class_path (initial): C:\Users\jekat\.gradle\wrapper\dists\gradle-8.4-bin\1w5dpkrfk8irigvoxmyhowfim\gradle-8.4\lib\gradle-launcher-8.4.jar
Launcher Type: SUN_STANDARD

[Global flags]
     intx CICompilerCount                          = 4                                         {product} {ergonomic}
     uint ConcGCThreads                            = 3                                         {product} {ergonomic}
     uint G1ConcRefinementThreads                  = 10                                        {product} {ergonomic}
   size_t G1HeapRegionSize                         = 1048576                                   {product} {ergonomic}
    uintx GCDrainStackTargetSize                   = 64                                        {product} {ergonomic}
   size_t InitialHeapSize                          = 266338304                                 {product} {ergonomic}
   size_t MarkStackSize                            = 4194304                                   {product} {ergonomic}
   size_t MaxHeapSize                              = 2147483648                                {product} {command line}
   size_t MaxNewSize                               = 1287651328                                {product} {ergonomic}
   size_t MinHeapDeltaBytes                        = 1048576                                   {product} {ergonomic}
   size_t MinHeapSize                              = 8388608                                   {product} {ergonomic}
    uintx NonNMethodCodeHeapSize                   = 5839372                                {pd product} {ergonomic}
    uintx NonProfiledCodeHeapSize                  = 122909434                              {pd product} {ergonomic}
    uintx ProfiledCodeHeapSize                     = 122909434                              {pd product} {ergonomic}
    uintx ReservedCodeCacheSize                    = 251658240                              {pd product} {ergonomic}
     bool SegmentedCodeCache                       = true                                      {product} {ergonomic}
   size_t SoftMaxHeapSize                          = 2147483648                             {manageable} {ergonomic}
     bool UseCompressedClassPointers               = true                           {product lp64_product} {ergonomic}
     bool UseCompressedOops                        = true                           {product lp64_product} {ergonomic}
     bool UseG1GC                                  = true                                      {product} {ergonomic}
     bool UseLargePagesIndividualAllocation        = false                                  {pd product} {ergonomic}

Logging:
Log output configuration:
 #0: stdout all=warning uptime,level,tags
 #1: stderr all=off uptime,level,tags

Environment Variables:
PATH=C:\Program Files\Common Files\Oracle\Java\javapath;C:\Windows\system32;C:\Windows;C:\Windows\System32\Wbem;C:\Windows\System32\WindowsPowerShell\v1.0\;C:\Windows\System32\OpenSSH\;C:\Program Files (x86)\Intel\Intel(R) Management Engine Components\DAL;C:\Program Files\Intel\Intel(R) Management Engine Components\DAL;C:\Program Files\NVIDIA Corporation\NVIDIA NGX;C:\Program Files (x86)\NVIDIA Corporation\PhysX\Common;C:\Program Files\NVIDIA Corporation\NVIDIA NvDLISR;C:\WINDOWS\system32;C:\WINDOWS;C:\WINDOWS\System32\Wbem;C:\WINDOWS\System32\WindowsPowerShell\v1.0\;C:\WINDOWS\System32\OpenSSH\;C:\Program Files (x86)\IDEMIA\AWP\Dlls;C:\Program Files\IDEMIA\AWP\Dlls;C:\Program Files\Git\cmd;C:\Users\jekat\AppData\Local\Microsoft\WindowsApps;
USERNAME=jekat
OS=Windows_NT
PROCESSOR_IDENTIFIER=Intel64 Family 6 Model 158 Stepping 10, GenuineIntel
TMP=C:\Users\jekat\AppData\Local\Temp
TEMP=C:\Users\jekat\AppData\Local\Temp



---------------  S Y S T E M  ---------------

OS:
 Windows 11 , 64 bit Build 22621 (10.0.22621.2428)
OS uptime: 27 days 20:39 hours

CPU: total 12 (initial active 12) (6 cores per cpu, 2 threads per core) family 6 model 158 stepping 10 microcode 0xde, cx8, cmov, fxsr, ht, mmx, 3dnowpref, sse, sse2, sse3, ssse3, sse4.1, sse4.2, popcnt, lzcnt, tsc, tscinvbit, avx, avx2, aes, erms, clmul, bmi1, bmi2, adx, fma, vzeroupper, clflush, clflushopt

Memory: 4k page, system-wide physical 16232M (447M free)
TotalPageFile size 25388M (AvailPageFile size 0M)
current process WorkingSet (physical memory assigned to process): 327M, peak: 354M
current process commit charge ("private bytes"): 377M, peak: 404M

vm_info: OpenJDK 64-Bit Server VM (17.0.6+0-b2043.56-9586694) for windows-amd64 JRE (17.0.6+0-b2043.56-9586694), built on Feb  9 2023 20:06:20 by "androidbuild" with MS VC++ 16.10 / 16.11 (VS2019)

END.
